[2024-06-26 17:14:32] [ERROR] O usuário asdfg não existe
[2024-06-27 15:36:57] [ERROR] O usuário  não existe
[2024-07-01 13:42:56] [ERROR] O usuário qew não existe
[2024-07-01 13:43:02] [ERROR] O usuário werwerevw não existe
[2024-07-02 15:43:13] [ERROR] O usuário 8888888888888888 não existe
[2024-07-02 16:44:48] [ERROR] O usuário francisco não existe
[2024-07-02 16:45:49] [ERROR] O usuário qwerty não existe
[2024-07-02 16:45:54] [ERROR] O usuário 12345 não existe
[2024-07-02 16:52:01] [ERROR] O usuário okokokok não existe
[2024-07-02 18:20:12] [ERROR] Senha incorreta para o usuário fabiana
[2024-07-02 18:21:08] [ERROR] Senha incorreta para o usuário fabiana
<<<<<<< HEAD
[2024-07-05 19:58:08] [ERROR] Erro ao fazer marcacao de consulta, usuario francisco
[2024-07-05 19:59:34] [ERROR] Erro ao fazer marcacao de consulta, usuario francisco
=======
[2024-07-06 15:10:01] [ERROR] Nome de usuário não especificado
>>>>>>> ad5d9002afda5f106a4459a677aed72ef64180b2
[2024-07-06 17:21:55] [ERROR] Erro ao fazer marcacao de consulta, usuario francisco
[2024-07-06 18:03:40] [ERROR] Erro ao fazer marcacao de exame, usuario francisco
[2024-07-06 18:21:10] [ERROR] Senha incorreta para o usuário francisco
[2024-07-06 18:21:55] [ERROR] Senha incorreta para o usuário francisco
[2024-07-07 21:27:55] [ERROR] Senha incorreta para o usuário francisco
[2024-07-07 21:30:18] [ERROR] O usuário ff não existe
[2024-07-07 21:30:48] [ERROR] Senha incorreta para o usuário abel
[2024-07-07 21:31:56] [ERROR] Senha incorreta para o usuário francisco
[2024-07-07 21:45:04] [ERROR] Senha incorreta para o usuário fff
[2024-07-07 21:48:10] [ERROR] Senha incorreta para o usuário hhh
[2024-07-07 21:48:25] [ERROR] Senha incorreta para o usuário uuuu
[2024-07-07 21:48:46] [ERROR] Senha incorreta para o usuário yyyyy
[2024-07-07 21:50:24] [ERROR] Senha incorreta para o usuário hhh
[2024-07-07 21:56:51] [ERROR] O usuário ff não existe
[2024-07-07 21:57:45] [ERROR] O usuário sexoanal não existe
[2024-07-07 22:01:36] [ERROR] O usuário franciw[sco não existe
