<<<<<<< HEAD
[2024-07-05 16:56:41] [INFO] O usuário guest iniciou sessão como convidado
[2024-07-05 16:56:54] [INFO] O usuário guest iniciou sessão como convidado
[2024-07-05 16:58:50] [INFO] O usuário francisco iniciou sessão como administrador
=======
[2024-07-05 18:38:36] [INFO] O usuário abelfelix iniciou sessão como administrador
>>>>>>> db81d9a20b96329950b6d1c247bdd9071ae7586c
[2024-07-06 13:02:05] [INFO] O usuário fabiana acessou o menu do paciente
[2024-07-06 13:03:13] [INFO] O usuário fabiana acessou o menu do paciente
[2024-07-06 13:03:56] [INFO] O usuário fabiana acessou o menu do paciente
[2024-07-06 13:04:26] [INFO] O usuário fabiana fez uma marcacao de consulta para o paciente otoniel
[2024-07-06 13:04:27] [INFO] O usuário fabiana acessou o menu do paciente
[2024-07-06 13:04:29] [INFO] O usuário fabiana acessou a lista de marcacoes para consultas
[2024-07-06 13:04:31] [INFO] O usuário fabiana acessou o menu do paciente
[2024-07-06 13:07:01] [INFO] O usuário fabiana acessou o menu do paciente
[2024-07-06 13:07:24] [INFO] O usuário fabiana fez uma marcacao de consulta para o paciente otoniel
[2024-07-06 13:07:26] [INFO] O usuário fabiana acessou o menu do paciente
[2024-07-06 13:07:40] [INFO] O usuário fabiana acessou o menu do paciente
[2024-07-06 13:07:51] [INFO] O usuário fabiana acessou o menu do paciente
[2024-07-06 13:07:54] [INFO] O usuário fabiana acessou o menu do paciente
[2024-07-06 13:07:59] [INFO] O usuário fabiana acessou o menu do paciente
[2024-07-06 13:08:10] [INFO] O usuário fabiana acessou a lista de marcacoes para consultas
[2024-07-06 13:09:19] [INFO] O usuário fabiana acessou o menu do paciente
[2024-07-06 13:09:45] [INFO] O usuário fabiana acessou o menu do paciente
[2024-07-06 13:09:47] [INFO] O usuário fabiana acessou a lista de marcacoes
[2024-07-06 13:09:48] [INFO] O usuário fabiana acessou o menu do paciente
[2024-07-06 13:09:52] [INFO] O usuário fabiana acessou o menu do paciente
[2024-07-06 13:09:55] [INFO] O usuário fabiana acessou a lista de marcacoes
[2024-07-06 13:19:37] [INFO] O usuário fabiana acessou o menu do paciente
[2024-07-06 13:20:16] [INFO] O usuário fabiana fez uma marcacao de consulta para o paciente kat
[2024-07-06 13:20:17] [INFO] O usuário fabiana acessou o menu do paciente
[2024-07-06 13:20:19] [INFO] O usuário fabiana acessou a lista de marcacoes para consultas
[2024-07-06 13:20:23] [INFO] O usuário fabiana acessou o menu do paciente
[2024-07-06 13:20:55] [INFO] O usuário fabiana acessou o menu do paciente
[2024-07-06 13:22:39] [INFO] O usuário fabiana acessou o menu do paciente
[2024-07-06 13:23:09] [INFO] O usuário fabiana fez uma marcacao de consulta para o paciente kat
[2024-07-06 13:23:09] [INFO] O usuário fabiana acessou o menu do paciente
[2024-07-06 13:23:42] [INFO] O usuário fabiana acessou o menu do paciente
[2024-07-06 13:23:53] [INFO] O usuário fabiana acessou o menu do paciente
[2024-07-06 13:24:55] [INFO] O usuário fabiana acessou o menu do paciente
[2024-07-06 13:30:39] [INFO] O usuário fabiana acessou o menu do paciente
[2024-07-06 13:30:48] [INFO] O usuário fabiana acessou o menu do paciente
[2024-07-06 13:31:12] [INFO] O usuário fabiana fez uma marcacao de consulta para o paciente otoniel
[2024-07-06 13:31:13] [INFO] O usuário fabiana acessou o menu do paciente
[2024-07-06 13:31:14] [INFO] O usuário fabiana acessou a lista de marcacoes para consultas
[2024-07-06 13:31:15] [INFO] O usuário fabiana acessou o menu do paciente
[2024-07-06 13:31:58] [INFO] O usuário fabiana acessou a lista de marcacoes
[2024-07-06 13:32:02] [INFO] O usuário fabiana acessou o menu do paciente
[2024-07-06 13:34:24] [INFO] O usuário fabiana acessou o menu do paciente
[2024-07-06 13:35:43] [INFO] O usuário fabiana acessou o menu do paciente
[2024-07-06 13:36:31] [INFO] O usuário fabiana acessou a lista dos pacientes mortos
[2024-07-06 13:36:33] [INFO] O usuário fabiana acessou o menu do paciente
[2024-07-06 13:38:23] [INFO] O usuário fabiana acessou o menu do paciente
[2024-07-06 13:38:57] [INFO] O usuário fabiana fez uma marcacao de consulta para o paciente otoniel
[2024-07-06 13:38:58] [INFO] O usuário fabiana acessou o menu do paciente
[2024-07-06 13:38:59] [INFO] O usuário fabiana acessou a lista de marcacoes para consultas
[2024-07-06 13:41:16] [INFO] O usuário fabiana acessou o menu do paciente
[2024-07-06 13:41:34] [INFO] O usuário fabiana fez uma marcacao de consulta para o paciente otoniel
[2024-07-06 13:41:35] [INFO] O usuário fabiana acessou o menu do paciente
[2024-07-06 13:41:38] [INFO] O usuário fabiana acessou a lista de marcacoes para consultas
[2024-07-06 13:41:39] [INFO] O usuário fabiana acessou o menu do paciente
[2024-07-06 13:42:02] [INFO] O usuário fabiana acessou o menu do paciente
[2024-07-06 13:42:29] [INFO] O usuário fabiana salvou a marcacao de exame do paciente otoniel
[2024-07-06 13:42:29] [INFO] O usuário fabiana fez uma marcacao de exame para o paciente 
[2024-07-06 13:42:34] [INFO] O usuário fabiana acessou o menu do paciente
[2024-07-06 13:42:42] [INFO] O usuário fabiana acessou o menu do paciente
[2024-07-06 13:42:44] [INFO] O usuário fabiana acessou a lista de consultas nao pagas
[2024-07-06 13:42:45] [INFO] O usuário fabiana acessou o menu do paciente
[2024-07-06 13:43:22] [INFO] O usuário fabiana acessou a lista dos pacientes mortos
[2024-07-06 13:43:23] [INFO] O usuário fabiana acessou o menu do paciente
[2024-07-06 15:08:09] [INFO] O usuário monarca7 iniciou sessão como administrador
[2024-07-06 15:08:55] [INFO] O usuário monarca7 iniciou sessão como administrador
[2024-07-06 15:09:21] [INFO] O usuário monarca7 apagou o Medico 
[2024-07-06 15:13:17] [INFO] O usuário monarca7 acessou o menu do paciente
[2024-07-06 15:14:21] [INFO] O usuário monarca7 fez uma marcacao de consulta para o paciente Sabaoth Miguel
[2024-07-06 15:14:22] [INFO] O usuário monarca7 acessou o menu do paciente
[2024-07-06 15:14:24] [INFO] O usuário monarca7 acessou a lista de marcacoes para consultas
[2024-07-06 15:14:26] [INFO] O usuário monarca7 acessou o menu do paciente
[2024-07-06 15:16:12] [INFO] O usuário monarca7 fez uma marcacao de consulta para o paciente Esperança Ussuco
[2024-07-06 15:16:13] [INFO] O usuário monarca7 acessou o menu do paciente
[2024-07-06 15:17:22] [INFO] O usuário monarca7 fez uma marcacao de consulta para o paciente Sergio Gomes
[2024-07-06 15:17:23] [INFO] O usuário monarca7 acessou o menu do paciente
[2024-07-06 15:17:45] [INFO] O usuário monarca7 acessou a lista de marcacoes para consultas
[2024-07-06 15:17:46] [INFO] O usuário monarca7 acessou o menu do paciente
[2024-07-06 15:17:49] [INFO] O usuário monarca7 acessou a lista de marcacoes para consultas
[2024-07-06 15:17:51] [INFO] O usuário monarca7 acessou o menu do paciente
[2024-07-06 15:18:00] [INFO] O usuário monarca7 acessou o menu do paciente
[2024-07-06 15:18:47] [INFO] O usuário monarca7 acessou a lista de marcacoes para consultas
[2024-07-06 15:18:48] [INFO] O usuário monarca7 acessou o menu do paciente
[2024-07-06 15:21:27] [INFO] O usuário monarca7 acessou o menu do paciente
[2024-07-06 15:22:16] [INFO] O usuário monarca7 fez uma marcacao de consulta para o paciente Sabaoth Miguel
[2024-07-06 15:22:17] [INFO] O usuário monarca7 acessou o menu do paciente
[2024-07-06 15:27:45] [INFO] O usuário monarca7 acessou o menu do paciente
[2024-07-06 15:28:20] [INFO] O usuário monarca7 fez uma marcacao de consulta para o paciente Sabaoth Miguel
[2024-07-06 15:28:21] [INFO] O usuário monarca7 acessou o menu do paciente
[2024-07-06 15:41:13] [INFO] O usuário monarca7 acessou o menu do paciente
[2024-07-06 15:41:50] [INFO] O usuário monarca7 fez uma marcacao de consulta para o paciente otoniel
[2024-07-06 15:42:35] [INFO] O usuário monarca7 acessou o menu do paciente
[2024-07-06 15:43:21] [INFO] O usuário monarca7 fez uma marcacao de consulta para o paciente otoniel
[2024-07-06 15:43:22] [INFO] O usuário monarca7 acessou o menu do paciente
[2024-07-06 15:43:24] [INFO] O usuário monarca7 acessou a lista de marcacoes para consultas
[2024-07-06 15:43:25] [INFO] O usuário monarca7 acessou o menu do paciente
[2024-07-06 15:45:02] [INFO] O usuário monarca7 acessou o menu do paciente
[2024-07-06 15:45:45] [INFO] O usuário monarca7 fez uma marcacao de consulta para o paciente otoniel
[2024-07-06 15:45:46] [INFO] O usuário monarca7 acessou o menu do paciente
[2024-07-06 15:45:49] [INFO] O usuário monarca7 acessou a lista de marcacoes para consultas
[2024-07-06 15:45:50] [INFO] O usuário monarca7 acessou o menu do paciente
[2024-07-06 15:49:48] [INFO] O usuário monarca7 acessou o menu do paciente
[2024-07-06 15:50:16] [INFO] O usuário monarca7 fez uma marcacao de consulta para o paciente oto
[2024-07-06 15:50:18] [INFO] O usuário monarca7 acessou o menu do paciente
[2024-07-06 15:50:19] [INFO] O usuário monarca7 acessou a lista de marcacoes para consultas
[2024-07-06 15:50:20] [INFO] O usuário monarca7 acessou o menu do paciente
[2024-07-06 15:51:13] [INFO] O usuário monarca7 acessou o menu do paciente
[2024-07-06 15:51:16] [INFO] O usuário monarca7 acessou a lista de marcacoes
[2024-07-06 15:51:19] [INFO] O usuário monarca7 acessou o menu do paciente
[2024-07-06 15:55:25] [INFO] O usuário monarca7 acessou o menu do paciente
[2024-07-06 15:55:50] [INFO] O usuário monarca7 fez uma marcacao de consulta para o paciente otoniel
[2024-07-06 15:55:51] [INFO] O usuário monarca7 acessou o menu do paciente
[2024-07-06 15:55:53] [INFO] O usuário monarca7 acessou a lista de marcacoes para consultas
[2024-07-06 15:55:53] [INFO] O usuário monarca7 acessou o menu do paciente
[2024-07-06 15:58:42] [INFO] O usuário monarca7 acessou o menu do paciente
[2024-07-06 15:58:53] [INFO] O usuário monarca7 acessou o menu do paciente
[2024-07-06 15:59:13] [INFO] O usuário monarca7 fez uma marcacao de consulta para o paciente o
[2024-07-06 15:59:13] [INFO] O usuário monarca7 acessou o menu do paciente
[2024-07-06 15:59:34] [INFO] O usuário monarca7 fez uma marcacao de exame para o paciente 
[2024-07-06 15:59:38] [INFO] O usuário monarca7 acessou o menu do paciente
[2024-07-06 16:02:10] [INFO] O usuário monarca7 acessou o menu do paciente
[2024-07-06 16:02:51] [INFO] O usuário monarca7 fez uma marcacao de consulta para o paciente oto
[2024-07-06 16:02:52] [INFO] O usuário monarca7 acessou o menu do paciente
[2024-07-06 16:23:30] [INFO] O usuário monarca7 acessou o menu do paciente
[2024-07-06 16:24:04] [INFO] O usuário monarca7 fez uma marcacao de consulta para o paciente otoniel
[2024-07-06 16:24:05] [INFO] O usuário monarca7 acessou o menu do paciente
[2024-07-06 16:25:45] [INFO] O usuário monarca7 acessou o menu do paciente
[2024-07-06 16:26:15] [INFO] O usuário monarca7 fez uma marcacao de consulta para o paciente otoniel
[2024-07-06 16:26:16] [INFO] O usuário monarca7 acessou o menu do paciente
[2024-07-06 16:32:30] [INFO] O usuário monarca7 acessou o menu do paciente
[2024-07-06 16:32:54] [INFO] O usuário monarca7 fez uma marcacao de consulta para o paciente oto
[2024-07-06 16:32:54] [INFO] O usuário monarca7 acessou o menu do paciente
[2024-07-06 16:34:10] [INFO] O usuário monarca7 acessou o menu do paciente
[2024-07-06 16:34:15] [INFO] O usuário monarca7 fez uma marcacao de exame para o paciente 
[2024-07-06 16:35:01] [INFO] O usuário monarca7 fez uma marcacao de exame para o paciente otoniel
[2024-07-06 16:38:03] [INFO] O usuário monarca7 acessou o menu do paciente
[2024-07-06 16:38:19] [INFO] O usuário monarca7 fez uma marcacao de consulta para o paciente oto
[2024-07-06 16:38:20] [INFO] O usuário monarca7 acessou o menu do paciente
[2024-07-06 16:38:45] [INFO] O usuário monarca7 salvou a marcacao de exame do paciente 
[2024-07-06 16:38:45] [INFO] O usuário monarca7 fez uma marcacao de exame para o paciente 
[2024-07-06 16:38:46] [INFO] O usuário monarca7 acessou o menu do paciente
[2024-07-06 16:38:51] [INFO] O usuário monarca7 acessou a lista de marcacoes
